<?xml version="1.0" encoding="UTF-8"?>
<testsuite name="banking.CertificateOfDepositTest" tests="4" skipped="0" failures="0" errors="0" timestamp="2023-12-07T23:05:17" hostname="DESKTOP-LCK14AR" time="0.147">
  <properties/>
  <testcase name="certificate_of_deposit_is_2_months_old_if_incremented_after_being_1_month_old()" classname="banking.CertificateOfDepositTest" time="0.002"/>
  <testcase name="certificate_of_deposit_is_0_months_old_upon_creation()" classname="banking.CertificateOfDepositTest" time="0.003"/>
  <testcase name="certificate_of_deposit_is_1_month_old_if_incremented_after_creation()" classname="banking.CertificateOfDepositTest" time="0.008"/>
  <testcase name="certificate_of_deposit_when_created_has_supplied_starting_balance()" classname="banking.CertificateOfDepositTest" time="0.124"/>
  <system-out><![CDATA[]]></system-out>
  <system-err><![CDATA[]]></system-err>
</testsuite>
