<?xml version="1.0" encoding="UTF-8"?>
<testsuite name="banking.TransferProcessorTest" tests="4" skipped="0" failures="0" errors="0" timestamp="2023-12-07T23:05:19" hostname="DESKTOP-LCK14AR" time="0.011">
  <properties/>
  <testcase name="processor_deposits_full_balance_of_first_account_into_second_account_if_balance_was_lower_than_the_transfer_amount()" classname="banking.TransferProcessorTest" time="0.005"/>
  <testcase name="processor_withdraws_to_0_if_amount_is_greater_than_balance_from_the_first_given_account()" classname="banking.TransferProcessorTest" time="0.001"/>
  <testcase name="processor_withdraws_money_from_the_first_given_account()" classname="banking.TransferProcessorTest" time="0.001"/>
  <testcase name="processor_deposits_money_to_the_second_given_account()" classname="banking.TransferProcessorTest" time="0.001"/>
  <system-out><![CDATA[]]></system-out>
  <system-err><![CDATA[]]></system-err>
</testsuite>
