<?xml version="1.0" encoding="UTF-8"?>
<testsuite name="banking.CreateValidatorTest" tests="30" skipped="0" failures="0" errors="0" timestamp="2023-12-07T23:05:18" hostname="DESKTOP-LCK14AR" time="0.487">
  <properties/>
  <testcase name="invalid_if_given_more_than_4_arguments_for_creating_a_checking_account()" classname="banking.CreateValidatorTest" time="0.002"/>
  <testcase name="valid_if_given_an_8_digit_id_that_is_all_0s()" classname="banking.CreateValidatorTest" time="0.003"/>
  <testcase name="invalid_if_id_given_has_over_8_digits()" classname="banking.CreateValidatorTest" time="0.002"/>
  <testcase name="invalid_if_given_an_existing_id()" classname="banking.CreateValidatorTest" time="0.001"/>
  <testcase name="invalid_if_given_cd_initial_balance_is_less_than_1000()" classname="banking.CreateValidatorTest" time="0.001"/>
  <testcase name="invalid_if_given_a_positive_float_greater_than_10_for_apr_value()" classname="banking.CreateValidatorTest" time="0.001"/>
  <testcase name="valid_if_given_cd_initial_balance_is_1000()" classname="banking.CreateValidatorTest" time="0.002"/>
  <testcase name="invalid_if_given_less_than_4_arguments_for_creating_a_checking_account()" classname="banking.CreateValidatorTest" time="0.001"/>
  <testcase name="invalid_if_given_a_negative_float_for_apr_value()" classname="banking.CreateValidatorTest" time="0.001"/>
  <testcase name="invalid_if_given_anything_but_an_8_digit_id()" classname="banking.CreateValidatorTest" time="0.01"/>
  <testcase name="valid_if_command_contains_5_arguments_for_creating_a_cd_account()" classname="banking.CreateValidatorTest" time="0.003"/>
  <testcase name="invalid_if_id_given_has_under_8_digits()" classname="banking.CreateValidatorTest" time="0.001"/>
  <testcase name="valid_if_creating_checking_account()" classname="banking.CreateValidatorTest" time="0.004"/>
  <testcase name="invalid_if_creating_anything_other_than_a_valid_account_type()" classname="banking.CreateValidatorTest" time="0.002"/>
  <testcase name="invalid_if_given_less_than_5_arguments_for_creating_a_cd_account()" classname="banking.CreateValidatorTest" time="0.001"/>
  <testcase name="valid_if_given_an_apr_value_that_is_a_positive_float_between_0_and_10()" classname="banking.CreateValidatorTest" time="0.004"/>
  <testcase name="valid_if_given_cd_initial_balance_is_between_1000_and_10000()" classname="banking.CreateValidatorTest" time="0.002"/>
  <testcase name="valid_if_creating_savings_account()" classname="banking.CreateValidatorTest" time="0.003"/>
  <testcase name="invalid_if_given_cd_initial_balance_is_more_than_10000()" classname="banking.CreateValidatorTest" time="0.021"/>
  <testcase name="valid_if_creating_cd_account()" classname="banking.CreateValidatorTest" time="0.003"/>
  <testcase name="valid_if_command_contains_4_arguments_for_creating_a_savings_account()" classname="banking.CreateValidatorTest" time="0.005"/>
  <testcase name="invalid_if_given_more_than_4_arguments_for_creating_a_savings_account()" classname="banking.CreateValidatorTest" time="0.003"/>
  <testcase name="valid_if_given_apr_value_is_10()" classname="banking.CreateValidatorTest" time="0.003"/>
  <testcase name="valid_if_command_contains_4_arguments_for_creating_a_checking_account()" classname="banking.CreateValidatorTest" time="0.001"/>
  <testcase name="valid_if_given_an_8_digit_id()" classname="banking.CreateValidatorTest" time="0.006"/>
  <testcase name="all_create_command_apr_tests_for_cd()" classname="banking.CreateValidatorTest" time="0.001"/>
  <testcase name="invalid_if_given_less_than_4_arguments_for_creating_a_savings_account()" classname="banking.CreateValidatorTest" time="0.002"/>
  <testcase name="valid_if_given_cd_initial_balance_is_10000()" classname="banking.CreateValidatorTest" time="0.001"/>
  <testcase name="invalid_if_given_more_than_5_arguments_for_creating_a_cd_account()" classname="banking.CreateValidatorTest" time="0.002"/>
  <testcase name="valid_if_given_apr_value_is_0()" classname="banking.CreateValidatorTest" time="0.003"/>
  <system-out><![CDATA[]]></system-out>
  <system-err><![CDATA[]]></system-err>
</testsuite>
