<?xml version="1.0" encoding="UTF-8"?>
<testsuite name="banking.WithdrawProcessorTest" tests="2" skipped="0" failures="0" errors="0" timestamp="2023-12-07T23:05:19" hostname="DESKTOP-LCK14AR" time="0.138">
  <properties/>
  <testcase name="processor_withdraws_money_from_account()" classname="banking.WithdrawProcessorTest" time="0.127"/>
  <testcase name="processor_withdraws_to_0_if_amount_is_greater_than_balance()" classname="banking.WithdrawProcessorTest" time="0.002"/>
  <system-out><![CDATA[]]></system-out>
  <system-err><![CDATA[]]></system-err>
</testsuite>
