<?xml version="1.0" encoding="UTF-8"?>
<testsuite name="banking.CheckingTest" tests="1" skipped="0" failures="0" errors="0" timestamp="2023-12-07T23:05:17" hostname="DESKTOP-LCK14AR" time="0.003">
  <properties/>
  <testcase name="checking_when_created_has_0_balance()" classname="banking.CheckingTest" time="0.003"/>
  <system-out><![CDATA[]]></system-out>
  <system-err><![CDATA[]]></system-err>
</testsuite>
