<?xml version="1.0" encoding="UTF-8"?>
<testsuite name="banking.CommandFunctionTest" tests="2" skipped="0" failures="0" errors="0" timestamp="2023-12-07T23:05:17" hostname="DESKTOP-LCK14AR" time="0.097">
  <properties/>
  <testcase name="processor_reads_a_set_number_arguments()" classname="banking.CommandFunctionTest" time="0.037"/>
  <testcase name="validator_reads_a_set_number_arguments()" classname="banking.CommandFunctionTest" time="0.058"/>
  <system-out><![CDATA[]]></system-out>
  <system-err><![CDATA[]]></system-err>
</testsuite>
